C:\USERS\LTHPC\APPDATA\LOCAL\TEMP\IRMAGENT.LOG
C:\USERS\LTHPC\APPDATA\LOCAL\INTEL CORPORATION\REMOTE MONITORING\INTELREMOTEMON.DB
H:\WORK\STANDARDCODE\CPR\POST\MYPOST_PARALLEL\MYPOST_PARALLEL\MYPOST_PARALLEL\X64\DEBUG\CPR_DATA.OBJ
H:\WORK\STANDARDCODE\CPR\POST\MYPOST_PARALLEL\MYPOST_PARALLEL\MYPOST_PARALLEL\X64\DEBUG\MAIN_MYPOST.OBJ
H:\WORK\STANDARDCODE\CPR\POST\MYPOST_PARALLEL\MYPOST_PARALLEL\MYPOST_PARALLEL\X64\DEBUG\POINT.OBJ
H:\WORK\STANDARDCODE\CPR\POST\MYPOST_PARALLEL\MYPOST_PARALLEL\MYPOST_PARALLEL\X64\DEBUG\Y_HEIGHT.OBJ
H:\WORK\STANDARDCODE\CPR\POST\MYPOST_PARALLEL\MYPOST_PARALLEL\MYPOST_PARALLEL\X64\DEBUG\VC110.PDB
H:\WORK\STANDARDCODE\CPR\POST\MYPOST_PARALLEL\MYPOST_PARALLEL\X64\DEBUG\MYPOST_PARALLEL.ILK
H:\WORK\STANDARDCODE\CPR\POST\MYPOST_PARALLEL\MYPOST_PARALLEL\X64\DEBUG\MYPOST_PARALLEL.EXE
H:\WORK\STANDARDCODE\CPR\POST\MYPOST_PARALLEL\MYPOST_PARALLEL\MYPOST_PARALLEL\X64\DEBUG\MYPOST_PARALLEL.EXE.INTERMEDIATE.MANIFEST
H:\Work\StandardCode\CPR\Post\MyPost_parallel\Mypost_parallel\Mypost_parallel\x64\Debug\CPR_data.obj
H:\Work\StandardCode\CPR\Post\MyPost_parallel\Mypost_parallel\Mypost_parallel\x64\Debug\main_MyPost.obj
H:\Work\StandardCode\CPR\Post\MyPost_parallel\Mypost_parallel\Mypost_parallel\x64\Debug\Point.obj
H:\Work\StandardCode\CPR\Post\MyPost_parallel\Mypost_parallel\Mypost_parallel\x64\Debug\Y_height.obj
H:\Work\StandardCode\CPR\Post\MyPost_parallel\Mypost_parallel\Mypost_parallel\x64\Debug\icl-intelremotemonserver-intelremotemonagent-intelremotemonagent2.read.1.tlog
H:\Work\StandardCode\CPR\Post\MyPost_parallel\Mypost_parallel\Mypost_parallel\x64\Debug\icl-intelremotemonserver-intelremotemonagent-intelremotemonagent2.write.1.tlog
H:\Work\StandardCode\CPR\Post\MyPost_parallel\Mypost_parallel\Mypost_parallel\x64\Debug\icl-intelremotemonserver-intelremotemonagent.read.1.tlog
H:\Work\StandardCode\CPR\Post\MyPost_parallel\Mypost_parallel\Mypost_parallel\x64\Debug\icl-intelremotemonserver-intelremotemonagent.read.2.tlog
H:\Work\StandardCode\CPR\Post\MyPost_parallel\Mypost_parallel\Mypost_parallel\x64\Debug\icl-intelremotemonserver.read.1.tlog
H:\Work\StandardCode\CPR\Post\MyPost_parallel\Mypost_parallel\Mypost_parallel\x64\Debug\icl-intelremotemonserver.read.2.tlog
H:\Work\StandardCode\CPR\Post\MyPost_parallel\Mypost_parallel\Mypost_parallel\x64\Debug\icl-intelremotemonserver.read.6.tlog
H:\Work\StandardCode\CPR\Post\MyPost_parallel\Mypost_parallel\Mypost_parallel\x64\Debug\icl-intelremotemonserver.read.7.tlog
H:\Work\StandardCode\CPR\Post\MyPost_parallel\Mypost_parallel\Mypost_parallel\x64\Debug\icl-intelremotemonserver.write.2.tlog
H:\Work\StandardCode\CPR\Post\MyPost_parallel\Mypost_parallel\Mypost_parallel\x64\Debug\icl-mcpcom.read.1.tlog
H:\Work\StandardCode\CPR\Post\MyPost_parallel\Mypost_parallel\Mypost_parallel\x64\Debug\icl-mcpcom.write.1.tlog
H:\Work\StandardCode\CPR\Post\MyPost_parallel\Mypost_parallel\Mypost_parallel\x64\Debug\icl.command.1.tlog
H:\Work\StandardCode\CPR\Post\MyPost_parallel\Mypost_parallel\Mypost_parallel\x64\Debug\icl.read.1.tlog
H:\Work\StandardCode\CPR\Post\MyPost_parallel\Mypost_parallel\Mypost_parallel\x64\Debug\icl.write.1.tlog
H:\Work\StandardCode\CPR\Post\MyPost_parallel\Mypost_parallel\Mypost_parallel\x64\Debug\xilink-link.7088.read.1.tlog
H:\Work\StandardCode\CPR\Post\MyPost_parallel\Mypost_parallel\Mypost_parallel\x64\Debug\xilink-link.7088.write.1.tlog
H:\Work\StandardCode\CPR\Post\MyPost_parallel\Mypost_parallel\Mypost_parallel\x64\Debug\xilink-link.read.1.tlog
H:\Work\StandardCode\CPR\Post\MyPost_parallel\Mypost_parallel\Mypost_parallel\x64\Debug\xilink-link.write.1.tlog
H:\Work\StandardCode\CPR\Post\MyPost_parallel\Mypost_parallel\Mypost_parallel\x64\Debug\xilink-mcpcom.read.1.tlog
H:\Work\StandardCode\CPR\Post\MyPost_parallel\Mypost_parallel\Mypost_parallel\x64\Debug\xilink-mcpcom.write.1.tlog
H:\Work\StandardCode\CPR\Post\MyPost_parallel\Mypost_parallel\Mypost_parallel\x64\Debug\xilink.command.1.tlog
H:\Work\StandardCode\CPR\Post\MyPost_parallel\Mypost_parallel\Mypost_parallel\x64\Debug\xilink.read.1.tlog
H:\Work\StandardCode\CPR\Post\MyPost_parallel\Mypost_parallel\Mypost_parallel\x64\Debug\xilink.write.1.tlog
H:\Work\StandardCode\CPR\Post\MyPost_parallel\Mypost_parallel\Mypost_parallel\x64\Debug\Mypost_parallel.exe.intermediate.manifest
H:\Work\StandardCode\CPR\Post\MyPost_parallel\Mypost_parallel\Mypost_parallel\x64\Debug\vc110.pdb
H:\Work\StandardCode\CPR\Post\MyPost_parallel\Mypost_parallel\x64\Debug\Mypost_parallel.pdb
H:\Work\StandardCode\CPR\Post\MyPost_parallel\Mypost_parallel\x64\Debug\Mypost_parallel.exe
H:\Work\StandardCode\CPR\Post\MyPost_parallel\Mypost_parallel\x64\Debug\Mypost_parallel.ilk
