H:\WORK\STANDARDCODE\CPR\POST\MYPOST_PARALLEL\MYPOST_PARALLEL\MYPOST_PARALLEL\X64\RELEASE\Y_HEIGHT.OBJ
H:\WORK\STANDARDCODE\CPR\POST\MYPOST_PARALLEL\MYPOST_PARALLEL\MYPOST_PARALLEL\X64\RELEASE\POINT.OBJ
H:\WORK\STANDARDCODE\CPR\POST\MYPOST_PARALLEL\MYPOST_PARALLEL\MYPOST_PARALLEL\X64\RELEASE\MPI_SRC.OBJ
H:\WORK\STANDARDCODE\CPR\POST\MYPOST_PARALLEL\MYPOST_PARALLEL\MYPOST_PARALLEL\X64\RELEASE\MAIN_MYPOST.OBJ
H:\WORK\STANDARDCODE\CPR\POST\MYPOST_PARALLEL\MYPOST_PARALLEL\MYPOST_PARALLEL\X64\RELEASE\CPR_DATA.OBJ
H:\WORK\STANDARDCODE\CPR\POST\MYPOST_PARALLEL\MYPOST_PARALLEL\MYPOST_PARALLEL\X64\RELEASE\CONTROL_PARAMETER.OBJ
H:\WORK\STANDARDCODE\CPR\POST\MYPOST_PARALLEL\MYPOST_PARALLEL\MYPOST_PARALLEL\X64\RELEASE\VC110.PDB
H:\Work\StandardCode\CPR\Post\MyPost_parallel\Mypost_parallel\Mypost_parallel\x64\Release\Control_parameter.obj
H:\Work\StandardCode\CPR\Post\MyPost_parallel\Mypost_parallel\Mypost_parallel\x64\Release\CPR_data.obj
H:\Work\StandardCode\CPR\Post\MyPost_parallel\Mypost_parallel\Mypost_parallel\x64\Release\main_MyPost.obj
H:\Work\StandardCode\CPR\Post\MyPost_parallel\Mypost_parallel\Mypost_parallel\x64\Release\MPI_src.obj
H:\Work\StandardCode\CPR\Post\MyPost_parallel\Mypost_parallel\Mypost_parallel\x64\Release\Point.obj
H:\Work\StandardCode\CPR\Post\MyPost_parallel\Mypost_parallel\Mypost_parallel\x64\Release\Y_height.obj
H:\Work\StandardCode\CPR\Post\MyPost_parallel\Mypost_parallel\Mypost_parallel\x64\Release\cl.command.1.tlog
H:\Work\StandardCode\CPR\Post\MyPost_parallel\Mypost_parallel\Mypost_parallel\x64\Release\CL.read.1.tlog
H:\Work\StandardCode\CPR\Post\MyPost_parallel\Mypost_parallel\Mypost_parallel\x64\Release\CL.write.1.tlog
H:\Work\StandardCode\CPR\Post\MyPost_parallel\Mypost_parallel\Mypost_parallel\x64\Release\link-cvtres.read.1.tlog
H:\Work\StandardCode\CPR\Post\MyPost_parallel\Mypost_parallel\Mypost_parallel\x64\Release\link-cvtres.write.1.tlog
H:\Work\StandardCode\CPR\Post\MyPost_parallel\Mypost_parallel\Mypost_parallel\x64\Release\link-rc.read.1.tlog
H:\Work\StandardCode\CPR\Post\MyPost_parallel\Mypost_parallel\Mypost_parallel\x64\Release\link-rc.write.1.tlog
H:\Work\StandardCode\CPR\Post\MyPost_parallel\Mypost_parallel\Mypost_parallel\x64\Release\link.command.1.tlog
H:\Work\StandardCode\CPR\Post\MyPost_parallel\Mypost_parallel\Mypost_parallel\x64\Release\link.read.1.tlog
H:\Work\StandardCode\CPR\Post\MyPost_parallel\Mypost_parallel\Mypost_parallel\x64\Release\link.write.1.tlog
H:\Work\StandardCode\CPR\Post\MyPost_parallel\Mypost_parallel\Mypost_parallel\x64\Release\vc110.pdb
H:\Work\StandardCode\CPR\Post\MyPost_parallel\Mypost_parallel\x64\Release\Mypost_parallel.pdb
H:\Work\StandardCode\CPR\Post\MyPost_parallel\Mypost_parallel\x64\Release\Mypost_parallel.exe
