生成启动时间为 2017/6/29 23:34:07。
     1>项目“H:\Work\StandardCode\CPR\Post\MyPost_parallel\Mypost_parallel\Mypost_parallel\Mypost_parallel.vcxproj”在节点 2 上(Build 个目标)。
     1>InitializeBuildStatus:
         正在创建“x64\Release\Mypost_parallel.unsuccessfulbuild”，因为已指定“AlwaysCreate”。
       ClCompile:
         E:\Program Files (x86)\Microsoft Visual Studio 11.0\VC\bin\x86_amd64\CL.exe /c /I"C:\Program Files (x86)\Intel\impi_5.0.1\intel64\include" /Zi /nologo /W3 /WX- /sdl /O2 /Oi /GL /D WIN32 /D NDEBUG /D _CONSOLE /D _UNICODE /D UNICODE /Gm- /EHsc /MD /GS /Gy /Zc:wchar_t /Zc:forScope /Fo"x64\Release\\" /Fd"x64\Release\vc110.pdb" /Gd /TP /errorReport:prompt MPI_src.cpp
         MPI_src.cpp
       Link:
         E:\Program Files (x86)\Microsoft Visual Studio 11.0\VC\bin\x86_amd64\link.exe /ERRORREPORT:PROMPT /OUT:"H:\Work\StandardCode\CPR\Post\MyPost_parallel\Mypost_parallel\x64\Release\Mypost_parallel.exe" /INCREMENTAL:NO /NOLOGO /LIBPATH:"C:\Program Files (x86)\Intel\impi_5.0.1\intel64\lib" impi.lib /MANIFEST /MANIFESTUAC:"level='asInvoker' uiAccess='false'" /manifest:embed /DEBUG /PDB:"H:\Work\StandardCode\CPR\Post\MyPost_parallel\Mypost_parallel\x64\Release\Mypost_parallel.pdb" /SUBSYSTEM:CONSOLE /OPT:REF /OPT:ICF /LTCG /TLBID:1 /DYNAMICBASE /NXCOMPAT /IMPLIB:"H:\Work\StandardCode\CPR\Post\MyPost_parallel\Mypost_parallel\x64\Release\Mypost_parallel.lib" /MACHINE:X64 x64\Release\Control_parameter.obj
         x64\Release\CPR_data.obj
         x64\Release\main_MyPost.obj
         x64\Release\MPI_src.obj
         x64\Release\Point.obj
         x64\Release\Y_height.obj
         正在生成代码
         已完成代码的生成
         Mypost_parallel.vcxproj -> H:\Work\StandardCode\CPR\Post\MyPost_parallel\Mypost_parallel\x64\Release\Mypost_parallel.exe
       FinalizeBuildStatus:
         正在删除文件“x64\Release\Mypost_parallel.unsuccessfulbuild”。
         正在对“x64\Release\Mypost_parallel.lastbuildstate”执行 Touch 任务。
     1>已完成生成项目“H:\Work\StandardCode\CPR\Post\MyPost_parallel\Mypost_parallel\Mypost_parallel\Mypost_parallel.vcxproj”(Build 个目标)的操作。

生成成功。

已用时间 00:00:05.40
