H:\WORK\STANDARDCODE\CPR\POST\TECPLOTLIB-MASTER\TECPLOTREAD-WIN\CPR-POST\CPR-POST\DEBUG\PARCER.OBJ
H:\WORK\STANDARDCODE\CPR\POST\TECPLOTLIB-MASTER\TECPLOTREAD-WIN\CPR-POST\CPR-POST\DEBUG\TECPLOTDATA.OBJ
H:\WORK\STANDARDCODE\CPR\POST\TECPLOTLIB-MASTER\TECPLOTREAD-WIN\CPR-POST\CPR-POST\DEBUG\TECPLOTFILE.OBJ
H:\WORK\STANDARDCODE\CPR\POST\TECPLOTLIB-MASTER\TECPLOTREAD-WIN\CPR-POST\CPR-POST\DEBUG\TECPLOTVAR.OBJ
H:\WORK\STANDARDCODE\CPR\POST\TECPLOTLIB-MASTER\TECPLOTREAD-WIN\CPR-POST\CPR-POST\DEBUG\TECPLOTZONE.OBJ
H:\WORK\STANDARDCODE\CPR\POST\TECPLOTLIB-MASTER\TECPLOTREAD-WIN\CPR-POST\CPR-POST\DEBUG\UTILS.OBJ
H:\WORK\STANDARDCODE\CPR\POST\TECPLOTLIB-MASTER\TECPLOTREAD-WIN\CPR-POST\CPR-POST\DEBUG\VARTEST.OBJ
H:\WORK\STANDARDCODE\CPR\POST\TECPLOTLIB-MASTER\TECPLOTREAD-WIN\CPR-POST\CPR-POST\DEBUG\VC110.PDB
H:\Work\StandardCode\CPR\Post\tecplotlib-master\tecplotread-win\CPR-post\CPR-post\Debug\Parcer.obj
H:\Work\StandardCode\CPR\Post\tecplotlib-master\tecplotread-win\CPR-post\CPR-post\Debug\TecplotData.obj
H:\Work\StandardCode\CPR\Post\tecplotlib-master\tecplotread-win\CPR-post\CPR-post\Debug\TecplotFile.obj
H:\Work\StandardCode\CPR\Post\tecplotlib-master\tecplotread-win\CPR-post\CPR-post\Debug\TecplotVar.obj
H:\Work\StandardCode\CPR\Post\tecplotlib-master\tecplotread-win\CPR-post\CPR-post\Debug\TecplotZone.obj
H:\Work\StandardCode\CPR\Post\tecplotlib-master\tecplotread-win\CPR-post\CPR-post\Debug\Utils.obj
H:\Work\StandardCode\CPR\Post\tecplotlib-master\tecplotread-win\CPR-post\CPR-post\Debug\vartest.obj
H:\Work\StandardCode\CPR\Post\tecplotlib-master\tecplotread-win\CPR-post\CPR-post\Debug\cl.command.1.tlog
H:\Work\StandardCode\CPR\Post\tecplotlib-master\tecplotread-win\CPR-post\CPR-post\Debug\CL.read.1.tlog
H:\Work\StandardCode\CPR\Post\tecplotlib-master\tecplotread-win\CPR-post\CPR-post\Debug\CL.write.1.tlog
H:\Work\StandardCode\CPR\Post\tecplotlib-master\tecplotread-win\CPR-post\CPR-post\Debug\vc110.idb
H:\Work\StandardCode\CPR\Post\tecplotlib-master\tecplotread-win\CPR-post\CPR-post\Debug\vc110.pdb
