生成启动时间为 2017/3/3 19:16:14。
     1>项目“H:\Work\StandardCode\CPR\Post\MyPost\MyPost\MyPost.vcxproj”在节点 2 上(Build 个目标)。
     1>InitializeBuildStatus:
         正在创建“Release\MyPost.unsuccessfulbuild”，因为已指定“AlwaysCreate”。
       ClCompile:
         E:\Program Files (x86)\Microsoft Visual Studio 11.0\VC\bin\CL.exe /c /IE:\ResearchSoftware\vs2012\VC\include /Zi /nologo /W3 /WX- /sdl /O2 /Oi /Oy- /GL /D WIN32 /D NDEBUG /D _CONSOLE /D _MBCS /D _UNICODE /D UNICODE /D "C:\Program Files (x86)\VTK\include\vtk-5.10" /Gm- /EHsc /MD /GS /Gy /Zc:wchar_t /Zc:forScope /Fo"Release\\" /Fd"Release\vc110.pdb" /Gd /TP /analyze- /errorReport:prompt main_MyPost.cpp
         main_MyPost.cpp
       Link:
         E:\Program Files (x86)\Microsoft Visual Studio 11.0\VC\bin\link.exe /ERRORREPORT:PROMPT /OUT:"H:\Work\StandardCode\CPR\Post\MyPost\Release\MyPost.exe" /INCREMENTAL:NO /NOLOGO /MANIFEST /MANIFESTUAC:"level='asInvoker' uiAccess='false'" /manifest:embed /DEBUG /PDB:"H:\Work\StandardCode\CPR\Post\MyPost\Release\MyPost.pdb" /SUBSYSTEM:CONSOLE /OPT:REF /OPT:ICF /LTCG /TLBID:1 /DYNAMICBASE /NXCOMPAT /IMPLIB:"H:\Work\StandardCode\CPR\Post\MyPost\Release\MyPost.lib" /MACHINE:X86 /SAFESEH Release\CPR_data.obj
         Release\main_MyPost.obj
         Release\Point.obj
         Release\Y_height.obj
         正在生成代码
         已完成代码的生成
         MyPost.vcxproj -> H:\Work\StandardCode\CPR\Post\MyPost\Release\MyPost.exe
       FinalizeBuildStatus:
         正在删除文件“Release\MyPost.unsuccessfulbuild”。
         正在对“Release\MyPost.lastbuildstate”执行 Touch 任务。
     1>已完成生成项目“H:\Work\StandardCode\CPR\Post\MyPost\MyPost\MyPost.vcxproj”(Build 个目标)的操作。

生成成功。

已用时间 00:00:04.07
