生成启动时间为 2017/6/14 16:36:49。
     1>项目“H:\Work\StandardCode\CPR\Post\MyPost\MyPost\MyPost.vcxproj”在节点 2 上(Build 个目标)。
     1>PrepareForBuild:
         正在创建目录“H:\Work\StandardCode\CPR\Post\MyPost\x64\Release\”。
       InitializeBuildStatus:
         正在创建“x64\Release\MyPost.unsuccessfulbuild”，因为已指定“AlwaysCreate”。
       ClCompile:
         E:\Program Files (x86)\Microsoft Visual Studio 11.0\VC\bin\x86_amd64\CL.exe /c /Zi /nologo /W3 /WX- /sdl /O2 /Oi /GL /D WIN32 /D NDEBUG /D _CONSOLE /D _UNICODE /D UNICODE /Gm- /EHsc /MD /GS /Gy /Zc:wchar_t /Zc:forScope /Fo"x64\Release\\" /Fd"x64\Release\vc110.pdb" /Gd /TP /errorReport:prompt CPR_data.cpp main_MyPost.cpp Point.cpp Y_height.cpp
         CPR_data.cpp
     1>CPR_data.cpp(55): warning C4267: “=”: 从“size_t”转换到“unsigned int”，可能丢失数据
     1>CPR_data.cpp(171): warning C4267: “=”: 从“size_t”转换到“unsigned int”，可能丢失数据
         main_MyPost.cpp
         Point.cpp
         Y_height.cpp
       Link:
         E:\Program Files (x86)\Microsoft Visual Studio 11.0\VC\bin\x86_amd64\link.exe /ERRORREPORT:PROMPT /OUT:"H:\Work\StandardCode\CPR\Post\MyPost\x64\Release\MyPost.exe" /INCREMENTAL:NO /NOLOGO /MANIFEST /MANIFESTUAC:"level='asInvoker' uiAccess='false'" /manifest:embed /DEBUG /PDB:"H:\Work\StandardCode\CPR\Post\MyPost\x64\Release\MyPost.pdb" /SUBSYSTEM:CONSOLE /OPT:REF /OPT:ICF /LTCG /TLBID:1 /DYNAMICBASE /NXCOMPAT /IMPLIB:"H:\Work\StandardCode\CPR\Post\MyPost\x64\Release\MyPost.lib" /MACHINE:X64 x64\Release\CPR_data.obj
         x64\Release\main_MyPost.obj
         x64\Release\Point.obj
         x64\Release\Y_height.obj
         正在生成代码
         已完成代码的生成
         MyPost.vcxproj -> H:\Work\StandardCode\CPR\Post\MyPost\x64\Release\MyPost.exe
       FinalizeBuildStatus:
         正在删除文件“x64\Release\MyPost.unsuccessfulbuild”。
         正在对“x64\Release\MyPost.lastbuildstate”执行 Touch 任务。
     1>已完成生成项目“H:\Work\StandardCode\CPR\Post\MyPost\MyPost\MyPost.vcxproj”(Build 个目标)的操作。

生成成功。

已用时间 00:00:03.11
