H:\WORK\STANDARDCODE\CPR\POST\MYPOST\MYPOST\DEBUG\MAIN_MYPOST.OBJ
H:\WORK\STANDARDCODE\CPR\POST\MYPOST\MYPOST\DEBUG\POINT.OBJ
H:\WORK\STANDARDCODE\CPR\POST\MYPOST\MYPOST\DEBUG\CPR_DATA.OBJ
H:\WORK\STANDARDCODE\CPR\POST\MYPOST\MYPOST\DEBUG\VC110.PDB
H:\WORK\STANDARDCODE\CPR\POST\MYPOST\DEBUG\MYPOST.ILK
H:\WORK\STANDARDCODE\CPR\POST\MYPOST\DEBUG\MYPOST.EXE
H:\WORK\STANDARDCODE\CPR\POST\MYPOST\DEBUG\MYPOST.PDB
H:\Work\StandardCode\CPR\Post\MyPost\MyPost\Debug\CPR_data.obj
H:\Work\StandardCode\CPR\Post\MyPost\MyPost\Debug\main_MyPost.obj
H:\Work\StandardCode\CPR\Post\MyPost\MyPost\Debug\Point.obj
H:\Work\StandardCode\CPR\Post\MyPost\MyPost\Debug\cl.command.1.tlog
H:\Work\StandardCode\CPR\Post\MyPost\MyPost\Debug\CL.read.1.tlog
H:\Work\StandardCode\CPR\Post\MyPost\MyPost\Debug\CL.write.1.tlog
H:\Work\StandardCode\CPR\Post\MyPost\MyPost\Debug\link-cvtres.read.1.tlog
H:\Work\StandardCode\CPR\Post\MyPost\MyPost\Debug\link-cvtres.write.1.tlog
H:\Work\StandardCode\CPR\Post\MyPost\MyPost\Debug\link-rc.read.1.tlog
H:\Work\StandardCode\CPR\Post\MyPost\MyPost\Debug\link-rc.write.1.tlog
H:\Work\StandardCode\CPR\Post\MyPost\MyPost\Debug\link.25760-cvtres.read.1.tlog
H:\Work\StandardCode\CPR\Post\MyPost\MyPost\Debug\link.25760-cvtres.write.1.tlog
H:\Work\StandardCode\CPR\Post\MyPost\MyPost\Debug\link.25760-rc.read.1.tlog
H:\Work\StandardCode\CPR\Post\MyPost\MyPost\Debug\link.25760-rc.write.1.tlog
H:\Work\StandardCode\CPR\Post\MyPost\MyPost\Debug\link.25760.read.1.tlog
H:\Work\StandardCode\CPR\Post\MyPost\MyPost\Debug\link.25760.write.1.tlog
H:\Work\StandardCode\CPR\Post\MyPost\MyPost\Debug\link.26032-cvtres.read.1.tlog
H:\Work\StandardCode\CPR\Post\MyPost\MyPost\Debug\link.26032-cvtres.write.1.tlog
H:\Work\StandardCode\CPR\Post\MyPost\MyPost\Debug\link.26032-rc.read.1.tlog
H:\Work\StandardCode\CPR\Post\MyPost\MyPost\Debug\link.26032-rc.write.1.tlog
H:\Work\StandardCode\CPR\Post\MyPost\MyPost\Debug\link.26032.read.1.tlog
H:\Work\StandardCode\CPR\Post\MyPost\MyPost\Debug\link.26032.write.1.tlog
H:\Work\StandardCode\CPR\Post\MyPost\MyPost\Debug\link.27272-cvtres.read.1.tlog
H:\Work\StandardCode\CPR\Post\MyPost\MyPost\Debug\link.27272-cvtres.write.1.tlog
H:\Work\StandardCode\CPR\Post\MyPost\MyPost\Debug\link.27272-rc.read.1.tlog
H:\Work\StandardCode\CPR\Post\MyPost\MyPost\Debug\link.27272-rc.write.1.tlog
H:\Work\StandardCode\CPR\Post\MyPost\MyPost\Debug\link.27272.read.1.tlog
H:\Work\StandardCode\CPR\Post\MyPost\MyPost\Debug\link.27272.write.1.tlog
H:\Work\StandardCode\CPR\Post\MyPost\MyPost\Debug\link.28776-cvtres.read.1.tlog
H:\Work\StandardCode\CPR\Post\MyPost\MyPost\Debug\link.28776-cvtres.write.1.tlog
H:\Work\StandardCode\CPR\Post\MyPost\MyPost\Debug\link.28776-rc.read.1.tlog
H:\Work\StandardCode\CPR\Post\MyPost\MyPost\Debug\link.28776-rc.write.1.tlog
H:\Work\StandardCode\CPR\Post\MyPost\MyPost\Debug\link.28776.read.1.tlog
H:\Work\StandardCode\CPR\Post\MyPost\MyPost\Debug\link.28776.write.1.tlog
H:\Work\StandardCode\CPR\Post\MyPost\MyPost\Debug\link.30800-cvtres.read.1.tlog
H:\Work\StandardCode\CPR\Post\MyPost\MyPost\Debug\link.30800-cvtres.write.1.tlog
H:\Work\StandardCode\CPR\Post\MyPost\MyPost\Debug\link.30800-rc.read.1.tlog
H:\Work\StandardCode\CPR\Post\MyPost\MyPost\Debug\link.30800-rc.write.1.tlog
H:\Work\StandardCode\CPR\Post\MyPost\MyPost\Debug\link.30800.read.1.tlog
H:\Work\StandardCode\CPR\Post\MyPost\MyPost\Debug\link.30800.write.1.tlog
H:\Work\StandardCode\CPR\Post\MyPost\MyPost\Debug\link.33212-cvtres.read.1.tlog
H:\Work\StandardCode\CPR\Post\MyPost\MyPost\Debug\link.33212-cvtres.write.1.tlog
H:\Work\StandardCode\CPR\Post\MyPost\MyPost\Debug\link.33212-rc.read.1.tlog
H:\Work\StandardCode\CPR\Post\MyPost\MyPost\Debug\link.33212-rc.write.1.tlog
H:\Work\StandardCode\CPR\Post\MyPost\MyPost\Debug\link.33212.read.1.tlog
H:\Work\StandardCode\CPR\Post\MyPost\MyPost\Debug\link.33212.write.1.tlog
H:\Work\StandardCode\CPR\Post\MyPost\MyPost\Debug\link.33712-cvtres.read.1.tlog
H:\Work\StandardCode\CPR\Post\MyPost\MyPost\Debug\link.33712-cvtres.write.1.tlog
H:\Work\StandardCode\CPR\Post\MyPost\MyPost\Debug\link.33712-rc.read.1.tlog
H:\Work\StandardCode\CPR\Post\MyPost\MyPost\Debug\link.33712-rc.write.1.tlog
H:\Work\StandardCode\CPR\Post\MyPost\MyPost\Debug\link.33712.read.1.tlog
H:\Work\StandardCode\CPR\Post\MyPost\MyPost\Debug\link.33712.write.1.tlog
H:\Work\StandardCode\CPR\Post\MyPost\MyPost\Debug\link.33804-cvtres.read.1.tlog
H:\Work\StandardCode\CPR\Post\MyPost\MyPost\Debug\link.33804-cvtres.write.1.tlog
H:\Work\StandardCode\CPR\Post\MyPost\MyPost\Debug\link.33804-rc.read.1.tlog
H:\Work\StandardCode\CPR\Post\MyPost\MyPost\Debug\link.33804-rc.write.1.tlog
H:\Work\StandardCode\CPR\Post\MyPost\MyPost\Debug\link.33804.read.1.tlog
H:\Work\StandardCode\CPR\Post\MyPost\MyPost\Debug\link.33804.write.1.tlog
H:\Work\StandardCode\CPR\Post\MyPost\MyPost\Debug\link.33828-cvtres.read.1.tlog
H:\Work\StandardCode\CPR\Post\MyPost\MyPost\Debug\link.33828-cvtres.write.1.tlog
H:\Work\StandardCode\CPR\Post\MyPost\MyPost\Debug\link.33828-rc.read.1.tlog
H:\Work\StandardCode\CPR\Post\MyPost\MyPost\Debug\link.33828-rc.write.1.tlog
H:\Work\StandardCode\CPR\Post\MyPost\MyPost\Debug\link.33828.read.1.tlog
H:\Work\StandardCode\CPR\Post\MyPost\MyPost\Debug\link.33828.write.1.tlog
H:\Work\StandardCode\CPR\Post\MyPost\MyPost\Debug\link.34116-cvtres.read.1.tlog
H:\Work\StandardCode\CPR\Post\MyPost\MyPost\Debug\link.34116-cvtres.write.1.tlog
H:\Work\StandardCode\CPR\Post\MyPost\MyPost\Debug\link.34116-rc.read.1.tlog
H:\Work\StandardCode\CPR\Post\MyPost\MyPost\Debug\link.34116-rc.write.1.tlog
H:\Work\StandardCode\CPR\Post\MyPost\MyPost\Debug\link.34116.read.1.tlog
H:\Work\StandardCode\CPR\Post\MyPost\MyPost\Debug\link.34116.write.1.tlog
H:\Work\StandardCode\CPR\Post\MyPost\MyPost\Debug\link.34780-cvtres.read.1.tlog
H:\Work\StandardCode\CPR\Post\MyPost\MyPost\Debug\link.34780-cvtres.write.1.tlog
H:\Work\StandardCode\CPR\Post\MyPost\MyPost\Debug\link.34780-rc.read.1.tlog
H:\Work\StandardCode\CPR\Post\MyPost\MyPost\Debug\link.34780-rc.write.1.tlog
H:\Work\StandardCode\CPR\Post\MyPost\MyPost\Debug\link.34780.read.1.tlog
H:\Work\StandardCode\CPR\Post\MyPost\MyPost\Debug\link.34780.write.1.tlog
H:\Work\StandardCode\CPR\Post\MyPost\MyPost\Debug\link.36516-cvtres.read.1.tlog
H:\Work\StandardCode\CPR\Post\MyPost\MyPost\Debug\link.36516-cvtres.write.1.tlog
H:\Work\StandardCode\CPR\Post\MyPost\MyPost\Debug\link.36516-rc.read.1.tlog
H:\Work\StandardCode\CPR\Post\MyPost\MyPost\Debug\link.36516-rc.write.1.tlog
H:\Work\StandardCode\CPR\Post\MyPost\MyPost\Debug\link.36516.read.1.tlog
H:\Work\StandardCode\CPR\Post\MyPost\MyPost\Debug\link.36516.write.1.tlog
H:\Work\StandardCode\CPR\Post\MyPost\MyPost\Debug\link.37124-cvtres.read.1.tlog
H:\Work\StandardCode\CPR\Post\MyPost\MyPost\Debug\link.37124-cvtres.write.1.tlog
H:\Work\StandardCode\CPR\Post\MyPost\MyPost\Debug\link.37124-rc.read.1.tlog
H:\Work\StandardCode\CPR\Post\MyPost\MyPost\Debug\link.37124-rc.write.1.tlog
H:\Work\StandardCode\CPR\Post\MyPost\MyPost\Debug\link.37124.read.1.tlog
H:\Work\StandardCode\CPR\Post\MyPost\MyPost\Debug\link.37124.write.1.tlog
H:\Work\StandardCode\CPR\Post\MyPost\MyPost\Debug\link.37196-cvtres.read.1.tlog
H:\Work\StandardCode\CPR\Post\MyPost\MyPost\Debug\link.37196-cvtres.write.1.tlog
H:\Work\StandardCode\CPR\Post\MyPost\MyPost\Debug\link.37196-rc.read.1.tlog
H:\Work\StandardCode\CPR\Post\MyPost\MyPost\Debug\link.37196-rc.write.1.tlog
H:\Work\StandardCode\CPR\Post\MyPost\MyPost\Debug\link.37196.read.1.tlog
H:\Work\StandardCode\CPR\Post\MyPost\MyPost\Debug\link.37196.write.1.tlog
H:\Work\StandardCode\CPR\Post\MyPost\MyPost\Debug\link.43808-cvtres.read.1.tlog
H:\Work\StandardCode\CPR\Post\MyPost\MyPost\Debug\link.43808-cvtres.write.1.tlog
H:\Work\StandardCode\CPR\Post\MyPost\MyPost\Debug\link.43808-rc.read.1.tlog
H:\Work\StandardCode\CPR\Post\MyPost\MyPost\Debug\link.43808-rc.write.1.tlog
H:\Work\StandardCode\CPR\Post\MyPost\MyPost\Debug\link.43808.read.1.tlog
H:\Work\StandardCode\CPR\Post\MyPost\MyPost\Debug\link.43808.write.1.tlog
H:\Work\StandardCode\CPR\Post\MyPost\MyPost\Debug\link.44084-cvtres.read.1.tlog
H:\Work\StandardCode\CPR\Post\MyPost\MyPost\Debug\link.44084-cvtres.write.1.tlog
H:\Work\StandardCode\CPR\Post\MyPost\MyPost\Debug\link.44084-rc.read.1.tlog
H:\Work\StandardCode\CPR\Post\MyPost\MyPost\Debug\link.44084-rc.write.1.tlog
H:\Work\StandardCode\CPR\Post\MyPost\MyPost\Debug\link.44084.read.1.tlog
H:\Work\StandardCode\CPR\Post\MyPost\MyPost\Debug\link.44084.write.1.tlog
H:\Work\StandardCode\CPR\Post\MyPost\MyPost\Debug\link.44504-cvtres.read.1.tlog
H:\Work\StandardCode\CPR\Post\MyPost\MyPost\Debug\link.44504-cvtres.write.1.tlog
H:\Work\StandardCode\CPR\Post\MyPost\MyPost\Debug\link.44504-rc.read.1.tlog
H:\Work\StandardCode\CPR\Post\MyPost\MyPost\Debug\link.44504-rc.write.1.tlog
H:\Work\StandardCode\CPR\Post\MyPost\MyPost\Debug\link.44504.read.1.tlog
H:\Work\StandardCode\CPR\Post\MyPost\MyPost\Debug\link.44504.write.1.tlog
H:\Work\StandardCode\CPR\Post\MyPost\MyPost\Debug\link.44788-cvtres.read.1.tlog
H:\Work\StandardCode\CPR\Post\MyPost\MyPost\Debug\link.44788-cvtres.write.1.tlog
H:\Work\StandardCode\CPR\Post\MyPost\MyPost\Debug\link.44788-rc.read.1.tlog
H:\Work\StandardCode\CPR\Post\MyPost\MyPost\Debug\link.44788-rc.write.1.tlog
H:\Work\StandardCode\CPR\Post\MyPost\MyPost\Debug\link.44788.read.1.tlog
H:\Work\StandardCode\CPR\Post\MyPost\MyPost\Debug\link.44788.write.1.tlog
H:\Work\StandardCode\CPR\Post\MyPost\MyPost\Debug\link.command.1.tlog
H:\Work\StandardCode\CPR\Post\MyPost\MyPost\Debug\link.read.1.tlog
H:\Work\StandardCode\CPR\Post\MyPost\MyPost\Debug\link.write.1.tlog
H:\Work\StandardCode\CPR\Post\MyPost\MyPost\Debug\vc110.idb
H:\Work\StandardCode\CPR\Post\MyPost\MyPost\Debug\vc110.pdb
H:\Work\StandardCode\CPR\Post\MyPost\Debug\MyPost.pdb
H:\Work\StandardCode\CPR\Post\MyPost\Debug\MyPost.exe
H:\Work\StandardCode\CPR\Post\MyPost\Debug\MyPost.ilk
